Using pre-set license
Built from '2021.3/staging' branch; Version is '2021.3.36f1 (7a0645017be0) revision 7996997'; Using compiler version '192829333'; Build Type 'Release'
OS: 'Windows 11  (10.0.22631) 64bit Professional' Language: 'ko' Physical Memory: 16320 MB
BatchMode: 1, IsHumanControllingUs: 0, StartBugReporterOnCrash: 0, Is64bit: 1, IsPro: 1

COMMAND LINE ARGUMENTS:
C:\Program Files\Unity 2021.1.5f1\2021.3.36f1\Editor\Unity.exe
-adb2
-batchMode
-noUpm
-name
AssetImportWorker0
-projectPath
C:/Users/yangc/Desktop/UnityGame/RunnerFinal
-logFile
Logs/AssetImportWorker0.log
-srvPort
55697
Successfully changed project path to: C:/Users/yangc/Desktop/UnityGame/RunnerFinal
C:/Users/yangc/Desktop/UnityGame/RunnerFinal
[UnityMemory] Configuration Parameters - Can be set up in boot.config
    "memorysetup-bucket-allocator-granularity=16"
    "memorysetup-bucket-allocator-bucket-count=8"
    "memorysetup-bucket-allocator-block-size=33554432"
    "memorysetup-bucket-allocator-block-count=8"
    "memorysetup-main-allocator-block-size=16777216"
    "memorysetup-thread-allocator-block-size=16777216"
    "memorysetup-gfx-main-allocator-block-size=16777216"
    "memorysetup-gfx-thread-allocator-block-size=16777216"
    "memorysetup-cache-allocator-block-size=4194304"
    "memorysetup-typetree-allocator-block-size=2097152"
    "memorysetup-profiler-bucket-allocator-granularity=16"
    "memorysetup-profiler-bucket-allocator-bucket-count=8"
    "memorysetup-profiler-bucket-allocator-block-size=33554432"
    "memorysetup-profiler-bucket-allocator-block-count=8"
    "memorysetup-profiler-allocator-block-size=16777216"
    "memorysetup-profiler-editor-allocator-block-size=1048576"
    "memorysetup-temp-allocator-size-main=16777216"
    "memorysetup-job-temp-allocator-block-size=2097152"
    "memorysetup-job-temp-allocator-block-size-background=1048576"
    "memorysetup-job-temp-allocator-reduction-small-platforms=262144"
    "memorysetup-temp-allocator-size-background-worker=32768"
    "memorysetup-temp-allocator-size-job-worker=262144"
    "memorysetup-temp-allocator-size-preload-manager=33554432"
    "memorysetup-temp-allocator-size-nav-mesh-worker=65536"
    "memorysetup-temp-allocator-size-audio-worker=65536"
    "memorysetup-temp-allocator-size-cloud-worker=32768"
    "memorysetup-temp-allocator-size-gi-baking-worker=262144"
    "memorysetup-temp-allocator-size-gfx=262144"
Player connection [91144] Host "[IP] 112.170.82.201 [Port] 0 [Flags] 2 [Guid] 3709834822 [EditorId] 3709834822 [Version] 1048832 [Id] WindowsEditor(7,DESKTOP-K4PI8MB) [Debug] 1 [PackageName] WindowsEditor [ProjectName] Editor" joined multi-casting on [225.0.0.222:54997]...

Player connection [91144] Host "[IP] 112.170.82.201 [Port] 0 [Flags] 2 [Guid] 3709834822 [EditorId] 3709834822 [Version] 1048832 [Id] WindowsEditor(7,DESKTOP-K4PI8MB) [Debug] 1 [PackageName] WindowsEditor [ProjectName] Editor" joined alternative multi-casting on [225.0.0.222:34997]...

[Physics::Module] Initialized MultithreadedJobDispatcher with {0} workers.
Refreshing native plugins compatible for Editor in 87.82 ms, found 3 plugins.
Preloading 0 native plugins for Editor in 0.00 ms.
Initialize engine version: 2021.3.36f1 (7a0645017be0)
[Subsystems] Discovering subsystems at path C:/Program Files/Unity 2021.1.5f1/2021.3.36f1/Editor/Data/Resources/UnitySubsystems
[Subsystems] Discovering subsystems at path C:/Users/yangc/Desktop/UnityGame/RunnerFinal/Assets
GfxDevice: creating device client; threaded=0; jobified=0
Direct3D:
    Version:  Direct3D 11.0 [level 11.1]
    Renderer: NVIDIA GeForce GTX 1060 6GB (ID=0x1c03)
    Vendor:   NVIDIA
    VRAM:     6044 MB
    Driver:   31.0.15.4633
Initialize mono
Mono path[0] = 'C:/Program Files/Unity 2021.1.5f1/2021.3.36f1/Editor/Data/Managed'
Mono path[1] = 'C:/Program Files/Unity 2021.1.5f1/2021.3.36f1/Editor/Data/MonoBleedingEdge/lib/mono/unityjit-win32'
Mono config path = 'C:/Program Files/Unity 2021.1.5f1/2021.3.36f1/Editor/Data/MonoBleedingEdge/etc'
Using monoOptions --debugger-agent=transport=dt_socket,embedding=1,server=y,suspend=n,address=127.0.0.1:56252
Begin MonoManager ReloadAssembly
Registering precompiled unity dll's ...
Register platform support module: C:/Program Files/Unity 2021.1.5f1/2021.3.36f1/Editor/Data/PlaybackEngines/WindowsStandaloneSupport/UnityEditor.WindowsStandalone.Extensions.dll
Registered in 0.029335 seconds.
Native extension for WindowsStandalone target not found
Refreshing native plugins compatible for Editor in 86.02 ms, found 3 plugins.
Preloading 0 native plugins for Editor in 0.00 ms.
Mono: successfully reloaded assembly
- Completed reload, in  0.883 seconds
Domain Reload Profiling:
	ReloadAssembly (884ms)
		BeginReloadAssembly (174ms)
			ExecutionOrderSort (0ms)
			DisableScriptedObjects (0ms)
			BackupInstance (0ms)
			ReleaseScriptingObjects (0ms)
			CreateAndSetChildDomain (1ms)
		EndReloadAssembly (538ms)
			LoadAssemblies (165ms)
			RebuildTransferFunctionScriptingTraits (0ms)
			SetupTypeCache (125ms)
			ReleaseScriptCaches (0ms)
			RebuildScriptCaches (33ms)
			SetupLoadedEditorAssemblies (308ms)
				LogAssemblyErrors (0ms)
				InitializePlatformSupportModulesInManaged (16ms)
				SetLoadedEditorAssemblies (0ms)
				RefreshPlugins (86ms)
				BeforeProcessingInitializeOnLoad (1ms)
				ProcessInitializeOnLoadAttributes (154ms)
				ProcessInitializeOnLoadMethodAttributes (50ms)
				AfterProcessingInitializeOnLoad (0ms)
				EditorAssembliesLoaded (0ms)
			ExecutionOrderSort2 (0ms)
			AwakeInstancesAfterBackupRestoration (0ms)
Platform modules already initialized, skipping
Registering precompiled user dll's ...
Registered in 0.044858 seconds.
Begin MonoManager ReloadAssembly
Native extension for WindowsStandalone target not found
Refreshing native plugins compatible for Editor in 0.75 ms, found 3 plugins.
Preloading 0 native plugins for Editor in 0.00 ms.
Package Manager log level set to [2]
[Package Manager] Server::EnsureServerProcessIsRunning -- launch failed, reason: Unity was launched with the -noUpm command-line argument
[Package Manager] Cannot connect to Unity Package Manager local server
Exception: Error! Visual Scripting: couldn't find visual scripting package
  at Unity.VisualScripting.PackageVersionUtility.get_version () [0x00043] in C:\Users\yangc\Desktop\UnityGame\RunnerFinal\Library\PackageCache\com.unity.visualscripting@1.9.1\Editor\VisualScripting.Core\Utilities\PackageVersionUtility.cs:31 
  at Unity.VisualScripting.BoltCoreManifest.get_version () [0x00000] in C:\Users\yangc\Desktop\UnityGame\RunnerFinal\Library\PackageCache\com.unity.visualscripting@1.9.1\Editor\VisualScripting.Core\Plugin\BoltCoreManifest.cs:11 
  at Unity.VisualScripting.PluginConfiguration.Initialize () [0x000b2] in C:\Users\yangc\Desktop\UnityGame\RunnerFinal\Library\PackageCache\com.unity.visualscripting@1.9.1\Editor\VisualScripting.Core\Plugins\PluginConfiguration.cs:59 
  at Unity.VisualScripting.PluginContainer.Initialize () [0x004a3] in C:\Users\yangc\Desktop\UnityGame\RunnerFinal\Library\PackageCache\com.unity.visualscripting@1.9.1\Editor\VisualScripting.Core\Plugins\PluginContainer.cs:199 
Rethrow as Exception: Failed to initialize plugin module 'VisualScripting.Core.BoltCoreConfiguration'.

UnityEngine.DebugLogHandler:Internal_LogException(Exception, Object)
UnityEngine.DebugLogHandler:LogException(Exception, Object)
UnityEngine.Logger:LogException(Exception, Object)
UnityEngine.Debug:LogException(Exception)
Unity.VisualScripting.PluginContainer:Initialize() (at Library\PackageCache\com.unity.visualscripting@1.9.1\Editor\VisualScripting.Core\Plugins\PluginContainer.cs:204)
Unity.VisualScripting.PluginContainer:InitializeOnLoad() (at Library\PackageCache\com.unity.visualscripting@1.9.1\Editor\VisualScripting.Core\Plugins\PluginContainer.cs:32)
Unity.VisualScripting.VSUsageUtility:DoInitializeOnLoadCalls() (at Library\PackageCache\com.unity.visualscripting@1.9.1\Editor\VisualScripting.Core\Utilities\VSUsageUtility.cs:76)
Unity.VisualScripting.VSUsageUtility:set_isVisualScriptingUsed(Boolean) (at Library\PackageCache\com.unity.visualscripting@1.9.1\Editor\VisualScripting.Core\Utilities\VSUsageUtility.cs:114)
Unity.VisualScripting.VSUsageUtility:CheckAndSetIsVisualScriptingUsed() (at Library\PackageCache\com.unity.visualscripting@1.9.1\Editor\VisualScripting.Core\Utilities\VSUsageUtility.cs:48)
Unity.VisualScripting.VSUsageUtility:.cctor() (at Library\PackageCache\com.unity.visualscripting@1.9.1\Editor\VisualScripting.Core\Utilities\VSUsageUtility.cs:22)
System.Runtime.CompilerServices.RuntimeHelpers:RunClassConstructor(IntPtr)
System.Runtime.CompilerServices.RuntimeHelpers:RunClassConstructor(RuntimeTypeHandle)
UnityEditor.EditorAssemblies:ProcessInitializeOnLoadAttributes(Type[])

(Filename: Library/PackageCache/com.unity.visualscripting@1.9.1/Editor/VisualScripting.Core/Plugins/PluginContainer.cs Line: 204)

System.Exception: Error! Visual Scripting: couldn't find visual scripting package
  at Unity.VisualScripting.PackageVersionUtility.get_version () [0x00043] in C:\Users\yangc\Desktop\UnityGame\RunnerFinal\Library\PackageCache\com.unity.visualscripting@1.9.1\Editor\VisualScripting.Core\Utilities\PackageVersionUtility.cs:31 
  at Unity.VisualScripting.BoltCoreManifest.get_version () [0x00000] in C:\Users\yangc\Desktop\UnityGame\RunnerFinal\Library\PackageCache\com.unity.visualscripting@1.9.1\Editor\VisualScripting.Core\Plugin\BoltCoreManifest.cs:11 
  at Unity.VisualScripting.PluginManifest.get_currentVersion () [0x00000] in C:\Users\yangc\Desktop\UnityGame\RunnerFinal\Library\PackageCache\com.unity.visualscripting@1.9.1\Editor\VisualScripting.Core\Plugins\PluginManifest.cs:33 
  at Unity.VisualScripting.PluginManifest.get_versionMismatch () [0x00000] in C:\Users\yangc\Desktop\UnityGame\RunnerFinal\Library\PackageCache\com.unity.visualscripting@1.9.1\Editor\VisualScripting.Core\Plugins\PluginManifest.cs:48 
  at Unity.VisualScripting.PluginContainer.Initialize () [0x00525] in C:\Users\yangc\Desktop\UnityGame\RunnerFinal\Library\PackageCache\com.unity.visualscripting@1.9.1\Editor\VisualScripting.Core\Plugins\PluginContainer.cs:208 
  at Unity.VisualScripting.PluginContainer.InitializeOnLoad () [0x00009] in C:\Users\yangc\Desktop\UnityGame\RunnerFinal\Library\PackageCache\com.unity.visualscripting@1.9.1\Editor\VisualScripting.Core\Plugins\PluginContainer.cs:32 
  at Unity.VisualScripting.VSUsageUtility.DoInitializeOnLoadCalls () [0x00034] in C:\Users\yangc\Desktop\UnityGame\RunnerFinal\Library\PackageCache\com.unity.visualscripting@1.9.1\Editor\VisualScripting.Core\Utilities\VSUsageUtility.cs:76 
  at Unity.VisualScripting.VSUsageUtility.set_isVisualScriptingUsed (System.Boolean value) [0x0002c] in C:\Users\yangc\Desktop\UnityGame\RunnerFinal\Library\PackageCache\com.unity.visualscripting@1.9.1\Editor\VisualScripting.Core\Utilities\VSUsageUtility.cs:114 
  at Unity.VisualScripting.VSUsageUtility.CheckAndSetIsVisualScriptingUsed () [0x00032] in C:\Users\yangc\Desktop\UnityGame\RunnerFinal\Library\PackageCache\com.unity.visualscripting@1.9.1\Editor\VisualScripting.Core\Utilities\VSUsageUtility.cs:48 
  at Unity.VisualScripting.VSUsageUtility..cctor () [0x00000] in C:\Users\yangc\Desktop\UnityGame\RunnerFinal\Library\PackageCache\com.unity.visualscripting@1.9.1\Editor\VisualScripting.Core\Utilities\VSUsageUtility.cs:22 
UnityEngine.StackTraceUtility:ExtractStackTrace ()
UnityEngine.DebugLogHandler:LogFormat (UnityEngine.LogType,UnityEngine.Object,string,object[])
UnityEngine.Logger:Log (UnityEngine.LogType,object)
UnityEngine.Debug:LogError (object)
UnityEditor.EditorAssemblies:ProcessInitializeOnLoadAttributes (System.Type[])

Mono: successfully reloaded assembly
- Completed reload, in  2.038 seconds
Domain Reload Profiling:
	ReloadAssembly (2038ms)
		BeginReloadAssembly (205ms)
			ExecutionOrderSort (0ms)
			DisableScriptedObjects (6ms)
			BackupInstance (0ms)
			ReleaseScriptingObjects (0ms)
			CreateAndSetChildDomain (20ms)
		EndReloadAssembly (1666ms)
			LoadAssemblies (186ms)
			RebuildTransferFunctionScriptingTraits (0ms)
			SetupTypeCache (266ms)
			ReleaseScriptCaches (1ms)
			RebuildScriptCaches (57ms)
			SetupLoadedEditorAssemblies (1176ms)
				LogAssemblyErrors (0ms)
				InitializePlatformSupportModulesInManaged (11ms)
				SetLoadedEditorAssemblies (1ms)
				RefreshPlugins (1ms)
				BeforeProcessingInitializeOnLoad (120ms)
				ProcessInitializeOnLoadAttributes (988ms)
				ProcessInitializeOnLoadMethodAttributes (21ms)
				AfterProcessingInitializeOnLoad (34ms)
				EditorAssembliesLoaded (0ms)
			ExecutionOrderSort2 (0ms)
			AwakeInstancesAfterBackupRestoration (9ms)
Platform modules already initialized, skipping
========================================================================
Worker process is ready to serve import requests
Launched and connected shader compiler UnityShaderCompiler.exe after 0.05 seconds
Refreshing native plugins compatible for Editor in 0.67 ms, found 3 plugins.
Preloading 0 native plugins for Editor in 0.00 ms.
Unloading 4247 Unused Serialized files (Serialized files now loaded: 0)
Unloading 42 unused Assets / (20.5 KB). Loaded Objects now: 4836.
Memory consumption went from 161.5 MB to 161.4 MB.
Total: 11.409500 ms (FindLiveObjects: 0.343600 ms CreateObjectMapping: 0.292400 ms MarkObjects: 10.735000 ms  DeleteObjects: 0.037500 ms)

AssetImportParameters requested are different than current active one (requested -> active):
  custom:video-decoder-ogg-theora: a1e56fd34408186e4bbccfd4996cb3dc -> 
  custom:container-muxer-webm: aa71ff27fc2769a1b78a27578f13a17b -> 
  custom:container-demuxer-webm: 4f35f7cbe854078d1ac9338744f61a02 -> 
  custom:video-encoder-webm-vp8: eb34c28f22e8b96e1ab97ce403110664 -> 
  custom:CustomObjectIndexerAttribute: bc11b3a6c3213fcdd17b65e7da85e133 -> 
  custom:audio-encoder-webm-vorbis: bf7c407c2cedff20999df2af8eb42d56 -> 
  custom:framework-win-MediaFoundation: 216162199b28c13a410421893ffa2e32 -> 
  custom:SearchIndexIgnoredProperties: e643bd26f0fe6173181afceb89e7c659 -> 
  custom:container-demuxer-ogg: 62fdf1f143b41e24485cea50d1cbac27 -> 
  custom:video-decoder-webm-vp8: 9c59270c3fd7afecdb556c50c9e8de78 -> 
  custom:audio-decoder-ogg-vorbis: bf7c407c2cedff20999df2af8eb42d56 -> 
========================================================================
Received Import Request.
  Time since last request: 1161607.394127 seconds.
  path: Assets/Playmaker Custom Actions
  artifactKey: Guid(a430a3f0e3eb38e479eaba3e131244d5) Importer(815301076,1909f56bfc062723c751e8b465ee728b)
Number of updated assets reloaded before import = 0
Start importing Assets/Playmaker Custom Actions using Guid(a430a3f0e3eb38e479eaba3e131244d5) Importer(815301076,1909f56bfc062723c751e8b465ee728b)  -> (artifact id: '4ecd1b27071968bbbd05b834d03dc1e7') in 0.009464 seconds 
Number of asset objects unloaded after import = 0
========================================================================
Received Import Request.
  Time since last request: 0.000028 seconds.
  path: Assets/First-Person Parkour System/Assets
  artifactKey: Guid(54a95366025303d4fbea66a145aafe4f) Importer(815301076,1909f56bfc062723c751e8b465ee728b)
Number of updated assets reloaded before import = 0
Start importing Assets/First-Person Parkour System/Assets using Guid(54a95366025303d4fbea66a145aafe4f) Importer(815301076,1909f56bfc062723c751e8b465ee728b)  -> (artifact id: 'eb89bcae718c71b257da9efea7f10699') in 0.008640 seconds 
Number of asset objects unloaded after import = 0
========================================================================
Received Import Request.
  Time since last request: 0.000057 seconds.
  path: Assets/First-Person Parkour System
  artifactKey: Guid(52475893ee6c452429162b7ccf89804e) Importer(815301076,1909f56bfc062723c751e8b465ee728b)
Number of updated assets reloaded before import = 0
Start importing Assets/First-Person Parkour System using Guid(52475893ee6c452429162b7ccf89804e) Importer(815301076,1909f56bfc062723c751e8b465ee728b)  -> (artifact id: '2b674df451dff2fabd8bf4ae4625a056') in 0.003611 seconds 
Number of asset objects unloaded after import = 0
========================================================================
Received Import Request.
  Time since last request: 2.282569 seconds.
  path: Assets/First-Person Parkour System/Assets/Animations
  artifactKey: Guid(37bbcbc36aedc5747870dc45e9ee6673) Importer(815301076,1909f56bfc062723c751e8b465ee728b)
Number of updated assets reloaded before import = 0
Start importing Assets/First-Person Parkour System/Assets/Animations using Guid(37bbcbc36aedc5747870dc45e9ee6673) Importer(815301076,1909f56bfc062723c751e8b465ee728b)  -> (artifact id: '168156547e7e7e9124dbcca8c9415b92') in 0.003018 seconds 
Number of asset objects unloaded after import = 0
========================================================================
Received Import Request.
  Time since last request: 1.393994 seconds.
  path: Assets/First-Person Parkour System/Assets/Prefabs
  artifactKey: Guid(f2c2b5c0da3a63f4aa33a30d7e4181c7) Importer(815301076,1909f56bfc062723c751e8b465ee728b)
Number of updated assets reloaded before import = 0
Start importing Assets/First-Person Parkour System/Assets/Prefabs using Guid(f2c2b5c0da3a63f4aa33a30d7e4181c7) Importer(815301076,1909f56bfc062723c751e8b465ee728b)  -> (artifact id: '3ce933d642c4e333de3d52066e24a394') in 0.003429 seconds 
Number of asset objects unloaded after import = 0
========================================================================
Received Import Request.
  Time since last request: 1.206777 seconds.
  path: Assets/First-Person Parkour System/Assets/Prefabs/Player
  artifactKey: Guid(dc1038f84a6eccc4ea53e3b682050b32) Importer(815301076,1909f56bfc062723c751e8b465ee728b)
Number of updated assets reloaded before import = 0
Start importing Assets/First-Person Parkour System/Assets/Prefabs/Player using Guid(dc1038f84a6eccc4ea53e3b682050b32) Importer(815301076,1909f56bfc062723c751e8b465ee728b)  -> (artifact id: '06e3df9462a61c663e5f7c208138b81b') in 0.003405 seconds 
Number of asset objects unloaded after import = 0
========================================================================
Received Import Request.
  Time since last request: 0.070256 seconds.
  path: Assets/First-Person Parkour System/Assets/Prefabs/Player/FPParkour Controller.prefab
  artifactKey: Guid(3c0b61d7fe95bb143a7a385d05bc1e3f) Importer(815301076,1909f56bfc062723c751e8b465ee728b)
Number of updated assets reloaded before import = 0
Start importing Assets/First-Person Parkour System/Assets/Prefabs/Player/FPParkour Controller.prefab using Guid(3c0b61d7fe95bb143a7a385d05bc1e3f) Importer(815301076,1909f56bfc062723c751e8b465ee728b)  -> (artifact id: 'e1dab6f58125ba6872092dbd4179b0bc') in 1.199877 seconds 
Number of asset objects unloaded after import = 401
========================================================================
Received Import Request.
  Time since last request: 3.784439 seconds.
  path: Assets/First-Person Parkour System/Assets/Prefabs/Parkour Objects/Anti Wall Run FSM.prefab
  artifactKey: Guid(f9542dcafc0e36c4abf229636f4f3441) Importer(815301076,1909f56bfc062723c751e8b465ee728b)
Number of updated assets reloaded before import = 0
Start importing Assets/First-Person Parkour System/Assets/Prefabs/Parkour Objects/Anti Wall Run FSM.prefab using Guid(f9542dcafc0e36c4abf229636f4f3441) Importer(815301076,1909f56bfc062723c751e8b465ee728b)  -> (artifact id: 'bc2ebb65a5faafb52aee8ad3782d760b') in 0.010922 seconds 
Number of asset objects unloaded after import = 5
========================================================================
Received Import Request.
  Time since last request: 0.000016 seconds.
  path: Assets/First-Person Parkour System/Assets/Prefabs/Parkour Objects/Swing Bar.prefab
  artifactKey: Guid(a3eae35d5380efc48a329193a134396d) Importer(815301076,1909f56bfc062723c751e8b465ee728b)
Number of updated assets reloaded before import = 0
Start importing Assets/First-Person Parkour System/Assets/Prefabs/Parkour Objects/Swing Bar.prefab using Guid(a3eae35d5380efc48a329193a134396d) Importer(815301076,1909f56bfc062723c751e8b465ee728b)  -> (artifact id: 'b55c90012ce67e8327aaac149ee58a7f') in 0.034385 seconds 
Number of asset objects unloaded after import = 95
========================================================================
Received Import Request.
  Time since last request: 0.000015 seconds.
  path: Assets/First-Person Parkour System/Assets/Prefabs/Parkour Objects/Side Walk.prefab
  artifactKey: Guid(f7d23515f720e8a408ac49e63702092b) Importer(815301076,1909f56bfc062723c751e8b465ee728b)
Number of updated assets reloaded before import = 0
Start importing Assets/First-Person Parkour System/Assets/Prefabs/Parkour Objects/Side Walk.prefab using Guid(f7d23515f720e8a408ac49e63702092b) Importer(815301076,1909f56bfc062723c751e8b465ee728b)  -> (artifact id: '42d3a2fc8057c297f10b2ea31c503ffb') in 0.006596 seconds 
Number of asset objects unloaded after import = 17
========================================================================
Received Import Request.
  Time since last request: 0.000014 seconds.
  path: Assets/First-Person Parkour System/Assets/Prefabs/Parkour Objects/Rope.prefab
  artifactKey: Guid(d6e78ea4729a6c9499df5c9a111d7464) Importer(815301076,1909f56bfc062723c751e8b465ee728b)
Number of updated assets reloaded before import = 0
Start importing Assets/First-Person Parkour System/Assets/Prefabs/Parkour Objects/Rope.prefab using Guid(d6e78ea4729a6c9499df5c9a111d7464) Importer(815301076,1909f56bfc062723c751e8b465ee728b)  -> (artifact id: '00b28f623336c359cfbd441428081a0d') in 0.100587 seconds 
Number of asset objects unloaded after import = 74
========================================================================
Received Import Request.
  Time since last request: 0.000021 seconds.
  path: Assets/First-Person Parkour System/Assets/Prefabs/Parkour Objects/Ladder.prefab
  artifactKey: Guid(bee1a044e4223b0468be6f4dfdf492bb) Importer(815301076,1909f56bfc062723c751e8b465ee728b)
Number of updated assets reloaded before import = 0
Start importing Assets/First-Person Parkour System/Assets/Prefabs/Parkour Objects/Ladder.prefab using Guid(bee1a044e4223b0468be6f4dfdf492bb) Importer(815301076,1909f56bfc062723c751e8b465ee728b)  -> (artifact id: '3d3390f852fbad9b010609ade80018ad') in 0.015394 seconds 
Number of asset objects unloaded after import = 33
========================================================================
Received Import Request.
  Time since last request: 0.000024 seconds.
  path: Assets/First-Person Parkour System/Assets/Prefabs/Parkour Objects/Point.prefab
  artifactKey: Guid(ac786a22c7dd2ef498935b39f6534aa5) Importer(815301076,1909f56bfc062723c751e8b465ee728b)
Number of updated assets reloaded before import = 0
Start importing Assets/First-Person Parkour System/Assets/Prefabs/Parkour Objects/Point.prefab using Guid(ac786a22c7dd2ef498935b39f6534aa5) Importer(815301076,1909f56bfc062723c751e8b465ee728b)  -> (artifact id: 'b24e048a68342c39ba93955ce616eb35') in 0.005594 seconds 
Number of asset objects unloaded after import = 14
========================================================================
Received Import Request.
  Time since last request: 0.000018 seconds.
  path: Assets/First-Person Parkour System/Assets/Prefabs/Parkour Objects/Pole Balance.prefab
  artifactKey: Guid(6dd1febc1199a8b4d80c9d04bd7554f5) Importer(815301076,1909f56bfc062723c751e8b465ee728b)
Number of updated assets reloaded before import = 0
Start importing Assets/First-Person Parkour System/Assets/Prefabs/Parkour Objects/Pole Balance.prefab using Guid(6dd1febc1199a8b4d80c9d04bd7554f5) Importer(815301076,1909f56bfc062723c751e8b465ee728b)  -> (artifact id: '1dd8240ff887f26c8c0f138eca634121') in 0.012499 seconds 
Number of asset objects unloaded after import = 51
========================================================================
Received Import Request.
  Time since last request: 0.000018 seconds.
  path: Assets/First-Person Parkour System/Assets/Prefabs/Parkour Objects/Pipe Horizontal.prefab
  artifactKey: Guid(b33067ea016867840bf9845c871e5b67) Importer(815301076,1909f56bfc062723c751e8b465ee728b)
Number of updated assets reloaded before import = 0
Start importing Assets/First-Person Parkour System/Assets/Prefabs/Parkour Objects/Pipe Horizontal.prefab using Guid(b33067ea016867840bf9845c871e5b67) Importer(815301076,1909f56bfc062723c751e8b465ee728b)  -> (artifact id: '1790d0d53d7d3c605a79512539a2c0e3') in 0.014240 seconds 
Number of asset objects unloaded after import = 62
========================================================================
Received Import Request.
  Time since last request: 0.000016 seconds.
  path: Assets/First-Person Parkour System/Assets/Prefabs/Parkour Objects/Pipe Vertical.prefab
  artifactKey: Guid(683fddbf1a4e2644c8909dfe0c0f7988) Importer(815301076,1909f56bfc062723c751e8b465ee728b)
Number of updated assets reloaded before import = 0
Start importing Assets/First-Person Parkour System/Assets/Prefabs/Parkour Objects/Pipe Vertical.prefab using Guid(683fddbf1a4e2644c8909dfe0c0f7988) Importer(815301076,1909f56bfc062723c751e8b465ee728b)  -> (artifact id: '6a8fb22dd302693d535ae4c545493db1') in 0.016538 seconds 
Number of asset objects unloaded after import = 109
========================================================================
Received Import Request.
  Time since last request: 0.000015 seconds.
  path: Assets/First-Person Parkour System/Assets/Prefabs/Parkour Objects/Door.prefab
  artifactKey: Guid(6e933b6146ee07a46bb9f19c84afa797) Importer(815301076,1909f56bfc062723c751e8b465ee728b)
Number of updated assets reloaded before import = 0
Start importing Assets/First-Person Parkour System/Assets/Prefabs/Parkour Objects/Door.prefab using Guid(6e933b6146ee07a46bb9f19c84afa797) Importer(815301076,1909f56bfc062723c751e8b465ee728b)  -> (artifact id: '4e36368a724f6060550e9e2b96ef55a0') in 0.013321 seconds 
Number of asset objects unloaded after import = 9
========================================================================
Received Import Request.
  Time since last request: 0.727750 seconds.
  path: Assets/First-Person Parkour System/Assets/Prefabs/Climb Test/ClimbTestCrouching.prefab
  artifactKey: Guid(6c1e27e6478c8074ca60c0bf9251c480) Importer(815301076,1909f56bfc062723c751e8b465ee728b)
Number of updated assets reloaded before import = 0
Start importing Assets/First-Person Parkour System/Assets/Prefabs/Climb Test/ClimbTestCrouching.prefab using Guid(6c1e27e6478c8074ca60c0bf9251c480) Importer(815301076,1909f56bfc062723c751e8b465ee728b)  -> (artifact id: '92640a18953c299e939950612d40b5ee') in 0.006868 seconds 
Number of asset objects unloaded after import = 7
========================================================================
Received Import Request.
  Time since last request: 0.000015 seconds.
  path: Assets/First-Person Parkour System/Assets/Prefabs/Climb Test/ClimbTestStanding.prefab
  artifactKey: Guid(f21d400750424a446a88d2c305f20941) Importer(815301076,1909f56bfc062723c751e8b465ee728b)
Number of updated assets reloaded before import = 0
Start importing Assets/First-Person Parkour System/Assets/Prefabs/Climb Test/ClimbTestStanding.prefab using Guid(f21d400750424a446a88d2c305f20941) Importer(815301076,1909f56bfc062723c751e8b465ee728b)  -> (artifact id: '2e0c1c8e4432e1f56f5cf7508b95d5cb') in 0.011003 seconds 
Number of asset objects unloaded after import = 7
========================================================================
Received Import Request.
  Time since last request: 1.452658 seconds.
  path: Assets/First-Person Parkour System/Assets/Meshes/Demo Scene Objects v2.0.obj
  artifactKey: Guid(9bb47606e0be30e4e91ad711dcaf2524) Importer(815301076,1909f56bfc062723c751e8b465ee728b)
Number of updated assets reloaded before import = 0
Start importing Assets/First-Person Parkour System/Assets/Meshes/Demo Scene Objects v2.0.obj using Guid(9bb47606e0be30e4e91ad711dcaf2524) Importer(815301076,1909f56bfc062723c751e8b465ee728b)  -> (artifact id: '24b64ddd730735d7957b18e4c4eb6225') in 0.077284 seconds 
Number of asset objects unloaded after import = 9
========================================================================
Received Import Request.
  Time since last request: 0.000018 seconds.
  path: Assets/First-Person Parkour System/Assets/Meshes/ybot.fbx
  artifactKey: Guid(bdf332556eae01c4eaeace6541738366) Importer(815301076,1909f56bfc062723c751e8b465ee728b)
Number of updated assets reloaded before import = 0
Start importing Assets/First-Person Parkour System/Assets/Meshes/ybot.fbx using Guid(bdf332556eae01c4eaeace6541738366) Importer(815301076,1909f56bfc062723c751e8b465ee728b)  -> (artifact id: '0beb6d4106c1db03d93d3390be12f166') in 0.059633 seconds 
Number of asset objects unloaded after import = 151
========================================================================
Received Import Request.
  Time since last request: 0.000019 seconds.
  path: Assets/First-Person Parkour System/Assets/Meshes/Demo Scene Objects.obj
  artifactKey: Guid(fa35d853bafe84d42839fb6d263c150e) Importer(815301076,1909f56bfc062723c751e8b465ee728b)
Number of updated assets reloaded before import = 0
Start importing Assets/First-Person Parkour System/Assets/Meshes/Demo Scene Objects.obj using Guid(fa35d853bafe84d42839fb6d263c150e) Importer(815301076,1909f56bfc062723c751e8b465ee728b)  -> (artifact id: '51f4afbb540d17dd1ad1903610ed8299') in 0.027214 seconds 
Number of asset objects unloaded after import = 16
========================================================================
Received Import Request.
  Time since last request: 0.000014 seconds.
  path: Assets/First-Person Parkour System/Assets/Meshes/Ladder.asset
  artifactKey: Guid(90bb3a607c7f99e458d3171521805497) Importer(815301076,1909f56bfc062723c751e8b465ee728b)
Number of updated assets reloaded before import = 0
Start importing Assets/First-Person Parkour System/Assets/Meshes/Ladder.asset using Guid(90bb3a607c7f99e458d3171521805497) Importer(815301076,1909f56bfc062723c751e8b465ee728b)  -> (artifact id: '84ac806eec40f6b21dc6b1e2b8567b18') in 0.011014 seconds 
Number of asset objects unloaded after import = 1
========================================================================
Received Import Request.
  Time since last request: 0.000017 seconds.
  path: Assets/First-Person Parkour System/Assets/Meshes/Door.asset
  artifactKey: Guid(31f44060f1ce5944e92ba08bf4941bce) Importer(815301076,1909f56bfc062723c751e8b465ee728b)
Number of updated assets reloaded before import = 0
Start importing Assets/First-Person Parkour System/Assets/Meshes/Door.asset using Guid(31f44060f1ce5944e92ba08bf4941bce) Importer(815301076,1909f56bfc062723c751e8b465ee728b)  -> (artifact id: '7fe2cfd7328527a2edc3b861d069e551') in 0.008370 seconds 
Number of asset objects unloaded after import = 1
========================================================================
Received Import Request.
  Time since last request: 0.000027 seconds.
  path: Assets/First-Person Parkour System/Assets/Meshes/Pipe.fbx
  artifactKey: Guid(cf002d04915c89848a1023cb9e8cacb5) Importer(815301076,1909f56bfc062723c751e8b465ee728b)
Number of updated assets reloaded before import = 0
Start importing Assets/First-Person Parkour System/Assets/Meshes/Pipe.fbx using Guid(cf002d04915c89848a1023cb9e8cacb5) Importer(815301076,1909f56bfc062723c751e8b465ee728b)  -> (artifact id: '4da0a6e40ef9314e61a6755c0062015d') in 0.015469 seconds 
Number of asset objects unloaded after import = 8
========================================================================
Received Import Request.
  Time since last request: 0.000015 seconds.
  path: Assets/First-Person Parkour System/Assets/Meshes/Swing Bar.fbx
  artifactKey: Guid(196d793b5bac69247bb12e5627c20093) Importer(815301076,1909f56bfc062723c751e8b465ee728b)
Number of updated assets reloaded before import = 0
Start importing Assets/First-Person Parkour System/Assets/Meshes/Swing Bar.fbx using Guid(196d793b5bac69247bb12e5627c20093) Importer(815301076,1909f56bfc062723c751e8b465ee728b)  -> (artifact id: '48a68a985daa9fd03b5c700cd2e71e84') in 0.017044 seconds 
Number of asset objects unloaded after import = 8
========================================================================
Received Import Request.
  Time since last request: 0.796160 seconds.
  path: Assets/First-Person Parkour System/Assets/Materials/Arrow.mat
  artifactKey: Guid(41a4dc792da1687468b37e9f565fb2e4) Importer(815301076,1909f56bfc062723c751e8b465ee728b)
Number of updated assets reloaded before import = 0
Start importing Assets/First-Person Parkour System/Assets/Materials/Arrow.mat using Guid(41a4dc792da1687468b37e9f565fb2e4) Importer(815301076,1909f56bfc062723c751e8b465ee728b)  -> (artifact id: 'd12ce4de709d88d26d42ad2b316c1020') in 0.023912 seconds 
Number of asset objects unloaded after import = 2
========================================================================
Received Import Request.
  Time since last request: 0.000015 seconds.
  path: Assets/First-Person Parkour System/Assets/Materials/Joints.mat
  artifactKey: Guid(b926c277a35c08046824f7a4b70e5a32) Importer(815301076,1909f56bfc062723c751e8b465ee728b)
Number of updated assets reloaded before import = 0
Start importing Assets/First-Person Parkour System/Assets/Materials/Joints.mat using Guid(b926c277a35c08046824f7a4b70e5a32) Importer(815301076,1909f56bfc062723c751e8b465ee728b)  -> (artifact id: '58b2fafa55b6370232a49d7968b9095b') in 0.009500 seconds 
Number of asset objects unloaded after import = 1
========================================================================
Received Import Request.
  Time since last request: 0.000020 seconds.
  path: Assets/First-Person Parkour System/Assets/Materials/Body.mat
  artifactKey: Guid(ffe2c6c016f4bd542ba54bfb4f20a122) Importer(815301076,1909f56bfc062723c751e8b465ee728b)
Number of updated assets reloaded before import = 0
Start importing Assets/First-Person Parkour System/Assets/Materials/Body.mat using Guid(ffe2c6c016f4bd542ba54bfb4f20a122) Importer(815301076,1909f56bfc062723c751e8b465ee728b)  -> (artifact id: '0c77562a7c2d6e54837469cf0b7d25d1') in 0.010642 seconds 
Number of asset objects unloaded after import = 1
========================================================================
Received Import Request.
  Time since last request: 0.000019 seconds.
  path: Assets/First-Person Parkour System/Assets/Materials/Blocks.mat
  artifactKey: Guid(76ff537c8e1a84345868e6aeee938ab3) Importer(815301076,1909f56bfc062723c751e8b465ee728b)
Number of updated assets reloaded before import = 0
Start importing Assets/First-Person Parkour System/Assets/Materials/Blocks.mat using Guid(76ff537c8e1a84345868e6aeee938ab3) Importer(815301076,1909f56bfc062723c751e8b465ee728b)  -> (artifact id: 'de59a12353f74a69f54f71a0bbf62749') in 0.010669 seconds 
Number of asset objects unloaded after import = 1
========================================================================
Received Import Request.
  Time since last request: 0.000015 seconds.
  path: Assets/First-Person Parkour System/Assets/Materials/Blocks 2.mat
  artifactKey: Guid(18f1d88566c64424c924c762af6bb41f) Importer(815301076,1909f56bfc062723c751e8b465ee728b)
Number of updated assets reloaded before import = 0
Start importing Assets/First-Person Parkour System/Assets/Materials/Blocks 2.mat using Guid(18f1d88566c64424c924c762af6bb41f) Importer(815301076,1909f56bfc062723c751e8b465ee728b)  -> (artifact id: 'd013ca56521b9759b946eecdb5fb719e') in 0.009424 seconds 
Number of asset objects unloaded after import = 1
========================================================================
Received Import Request.
  Time since last request: 0.000014 seconds.
  path: Assets/First-Person Parkour System/Assets/Materials/Blocks Red.mat
  artifactKey: Guid(e1c563fc2ed903b409562b3dca7bab4c) Importer(815301076,1909f56bfc062723c751e8b465ee728b)
Number of updated assets reloaded before import = 0
Start importing Assets/First-Person Parkour System/Assets/Materials/Blocks Red.mat using Guid(e1c563fc2ed903b409562b3dca7bab4c) Importer(815301076,1909f56bfc062723c751e8b465ee728b)  -> (artifact id: '3cd51882c974066cc6fe00b98e3caa8c') in 0.009621 seconds 
Number of asset objects unloaded after import = 1
========================================================================
Received Import Request.
  Time since last request: 0.000014 seconds.
  path: Assets/First-Person Parkour System/Assets/Materials/Climb Object.mat
  artifactKey: Guid(c5427183805638b438b8eea1cb9488e5) Importer(815301076,1909f56bfc062723c751e8b465ee728b)
Number of updated assets reloaded before import = 0
Start importing Assets/First-Person Parkour System/Assets/Materials/Climb Object.mat using Guid(c5427183805638b438b8eea1cb9488e5) Importer(815301076,1909f56bfc062723c751e8b465ee728b)  -> (artifact id: '1bbf6f9648abeb399a1b8c05eb256142') in 0.009296 seconds 
Number of asset objects unloaded after import = 1
========================================================================
Received Import Request.
  Time since last request: 0.000015 seconds.
  path: Assets/First-Person Parkour System/Assets/Materials/Blocks 3.mat
  artifactKey: Guid(121e4f9f78fbf494c99ff63ad75a84c0) Importer(815301076,1909f56bfc062723c751e8b465ee728b)
Number of updated assets reloaded before import = 0
Start importing Assets/First-Person Parkour System/Assets/Materials/Blocks 3.mat using Guid(121e4f9f78fbf494c99ff63ad75a84c0) Importer(815301076,1909f56bfc062723c751e8b465ee728b)  -> (artifact id: 'eee3874650c316ac87b31edb483de186') in 0.014751 seconds 
Number of asset objects unloaded after import = 1
